#
# There is insufficient memory for the Java Runtime Environment to continue.
# Native memory allocation (malloc) failed to allocate 495808 bytes for Chunk::new
# Possible reasons:
#   The system is out of physical RAM or swap space
#   The process is running with CompressedOops enabled, and the Java Heap may be blocking the growth of the native heap
# Possible solutions:
#   Reduce memory load on the system
#   Increase physical memory or swap space
#   Check if swap backing store is full
#   Decrease Java heap size (-Xmx/-Xms)
#   Decrease number of Java threads
#   Decrease Java thread stack sizes (-Xss)
#   Set larger code cache with -XX:ReservedCodeCacheSize=
#   JVM is running with Unscaled Compressed Oops mode in which the Java heap is
#     placed in the first 4GB address space. The Java Heap base address is the
#     maximum limit for the native heap growth. Please use -XX:HeapBaseMinAddress
#     to set the Java Heap base and to place the Java Heap above 4GB virtual address.
# This output file may be truncated or incomplete.
#
#  Out of Memory Error (arena.cpp:184), pid=24744, tid=1912
#
# JRE version: OpenJDK Runtime Environment Temurin-18.0.2.1+1 (18.0.2.1+1) (build 18.0.2.1+1)
# Java VM: OpenJDK 64-Bit Server VM Temurin-18.0.2.1+1 (18.0.2.1+1, mixed mode, sharing, tiered, compressed oops, compressed class ptrs, g1 gc, windows-amd64)
# No core dump will be written. Minidumps are not enabled by default on client versions of Windows
#

---------------  S U M M A R Y ------------

Command Line: -javaagent:C:\Program Files\JetBrains\IntelliJ IDEA Community Edition 2022.2.4\lib\idea_rt.jar=52116:C:\Program Files\JetBrains\IntelliJ IDEA Community Edition 2022.2.4\bin -Dfile.encoding=UTF-8 -Dsun.stdout.encoding=UTF-8 -Dsun.stderr.encoding=UTF-8 --module-path=C:\Users\chris\.m2\repository\org\openjfx\javafx-base\18.0.1\javafx-base-18.0.1-win.jar;C:\Users\chris\.m2\repository\org\openjfx\javafx-fxml\18.0.1\javafx-fxml-18.0.1-win.jar;C:\ESPACE PERSO\Londres\JAVAFX_TEST\NetChill\target\classes;C:\Users\chris\.m2\repository\org\openjfx\javafx-controls\18.0.1\javafx-controls-18.0.1-win.jar;C:\ESPACE PERSO\Londres\JAVAFX_TEST\mysql-connector-j-8.0.32\mysql-connector-j-8.0.32.jar;C:\Users\chris\.m2\repository\org\openjfx\javafx-graphics\18.0.1\javafx-graphics-18.0.1-win.jar -Djdk.module.main=com.example.netchill com.example.netchill/com.example.netchill.HelloApplication

Host: AMD Ryzen 5 3500U with Radeon Vega Mobile Gfx  , 8 cores, 5G,  Windows 11 , 64 bit Build 22621 (10.0.22621.1778)
Time: Tue Jul 11 13:21:23 2023 Paris, Madrid (heure duild 22621 (10.0.22621.1778) elapsed time: 61.388059 seconds (0d 0h 1m 1s)

---------------  T H R E A D  ---------------

Current thread (0x0000021f5d8f6a70):  JavaThread "C2 CompilerThread0" daemon [_thread_in_native, id=1912, stack(0x000000b523b00000,0x000000b523c00000)]


Current CompileTask:
C2:  61388 4153       4       javafx.css.SimpleSelector::applies (221 bytes)

Stack: [0x000000b523b00000,0x000000b523c00000]
Native frames: (J=compiled Java code, j=interpreted, Vv=VM code, C=native code)
V  [jvm.dll+0x69d85a]
V  [jvm.dll+0x84c43d]
V  [jvm.dll+0x84dd4e]
V  [jvm.dll+0x84e403]
V  [jvm.dll+0x25f65f]
V  [jvm.dll+0xba54f]
V  [jvm.dll+0xba8c5]
V  [jvm.dll+0x388ecb]
V  [jvm.dll+0x352f31]
V  [jvm.dll+0x3523da]
V  [jvm.dll+0x232601]
V  [jvm.dll+0x2319d1]
V  [jvm.dll+0x1bc05c]
V  [jvm.dll+0x2414ca]
V  [jvm.dll+0x23f795]
V  [jvm.dll+0x7feafb]
V  [jvm.dll+0x7f8f4a]
V  [jvm.dll+0x69c6b5]
C  [ucrtbase.dll+0x29363]
C  [KERNEL32.DLL+0x126ad]
C  [ntdll.dll+0x5a9f8]


---------------  P R O C E S S  ---------------

Threads class SMR info:
_java_thread_list=0x0000021f63894b90, length=22, elements={
0x0000021f407afb10, 0x0000021f5d8cf330, 0x0000021f5d8cfcd0, 0x0000021f5d8f0bc0,
0x0000021f5d8f1560, 0x0000021f5d8f1f00, 0x0000021f5d8f28a0, 0x0000021f5d8f6a70,
0x0000021f5d8ffa70, 0x0000021f5d90ac70, 0x0000021f61c1c620, 0x0000021f62089260,
0x0000021f61f03870, 0x0000021f624738a0, 0x0000021f625256a0, 0x0000021f625b1780,
0x0000021f6267c5a0, 0x0000021f625e2e90, 0x0000021f62ce8ef0, 0x0000021f633a21e0,
0x0000021f633a3520, 0x0000021f63c75280
}

Java Threads: ( => current thread )
  0x0000021f407afb10 JavaThread "main" [_thread_blocked, id=2116, stack(0x000000b522e00000,0x000000b522f00000)]
  0x0000021f5d8cf330 JavaThread "Reference Handler" daemon [_thread_blocked, id=28756, stack(0x000000b523500000,0x000000b523600000)]
  0x0000021f5d8cfcd0 JavaThread "Finalizer" daemon [_thread_blocked, id=7812, stack(0x000000b523600000,0x000000b523700000)]
  0x0000021f5d8f0bc0 JavaThread "Signal Dispatcher" daemon [_thread_blocked, id=24568, stack(0x000000b523700000,0x000000b523800000)]
  0x0000021f5d8f1560 JavaThread "Attach Listener" daemon [_thread_blocked, id=26960, stack(0x000000b523800000,0x000000b523900000)]
  0x0000021f5d8f1f00 JavaThread "Service Thread" daemon [_thread_blocked, id=28900, stack(0x000000b523900000,0x000000b523a00000)]
  0x0000021f5d8f28a0 JavaThread "Monitor Deflation Thread" daemon [_thread_blocked, id=9456, stack(0x000000b523a00000,0x000000b523b00000)]
=>0x0000021f5d8f6a70 JavaThread "C2 CompilerThread0" daemon [_thread_in_native, id=1912, stack(0x000000b523b00000,0x000000b523c00000)]
  0x0000021f5d8ffa70 JavaThread "C1 CompilerThread0" daemon [_thread_blocked, id=29432, stack(0x000000b523c00000,0x000000b523d00000)]
  0x0000021f5d90ac70 JavaThread "Sweeper thread" daemon [_thread_blocked, id=28140, stack(0x000000b523d00000,0x000000b523e00000)]
  0x0000021f61c1c620 JavaThread "Common-Cleaner" daemon [_thread_blocked, id=25292, stack(0x000000b523e00000,0x000000b523f00000)]
  0x0000021f62089260 JavaThread "Monitor Ctrl-Break" daemon [_thread_in_native, id=24480, stack(0x000000b524100000,0x000000b524200000)]
  0x0000021f61f03870 JavaThread "Notification Thread" daemon [_thread_blocked, id=26480, stack(0x000000b524200000,0x000000b524300000)]
  0x0000021f624738a0 JavaThread "QuantumRenderer-0" daemon [_thread_blocked, id=16024, stack(0x000000b523f00000,0x000000b524000000)]
  0x0000021f625256a0 JavaThread "InvokeLaterDispatcher" daemon [_thread_blocked, id=20632, stack(0x000000b524600000,0x000000b524700000)]
  0x0000021f625b1780 JavaThread "JavaFX Application Thread" [_thread_in_native, id=20984, stack(0x000000b524700000,0x000000b524800000)]
  0x0000021f6267c5a0 JavaThread "Thread-1" daemon [_thread_in_native, id=21804, stack(0x000000b524e00000,0x000000b524f00000)]
  0x0000021f625e2e90 JavaThread "JavaFX-Launcher" [_thread_blocked, id=27328, stack(0x000000b524f00000,0x000000b525000000)]
  0x0000021f62ce8ef0 JavaThread "Prism Font Disposer" daemon [_thread_blocked, id=23500, stack(0x000000b525700000,0x000000b525800000)]
  0x0000021f633a21e0 JavaThread "Cleaner-0" daemon [_thread_blocked, id=28832, stack(0x000000b525c00000,0x000000b525d00000)]
  0x0000021f633a3520 JavaThread "mysql-cj-abandoned-connection-cleanup" daemon [_thread_blocked, id=21892, stack(0x000000b525e00000,0x000000b525f00000)]
  0x0000021f63c75280 JavaThread "C2 CompilerThread1" daemon [_thread_blocked, id=26980, stack(0x000000b522b00000,0x000000b522c00000)]

Other Threads:
  0x0000021f40815a90 VMThread "VM Thread" [stack: 0x000000b523400000,0x000000b523500000] [id=7420]
  0x0000021f61f04420 WatcherThread "VM Periodic Task Thread" [stack: 0x000000b524300000,0x000000b524400000] [id=27076]
  0x0000021f40800e10 WorkerThread "GC Thread#0" [stack: 0x000000b522f00000,0x000000b523000000] [id=26116]
  0x0000021f62765270 WorkerThread "GC Thread#1" [stack: 0x000000b525000000,0x000000b525100000] [id=19076]
  0x0000021f6267b200 WorkerThread "GC Thread#2" [stack: 0x000000b525100000,0x000000b525200000] [id=23032]
  0x0000021f6267b4a0 WorkerThread "GC Thread#3" [stack: 0x000000b525200000,0x000000b525300000] [id=20552]
  0x0000021f6267b740 WorkerThread "GC Thread#4" [stack: 0x000000b525300000,0x000000b525400000] [id=10328]
  0x0000021f62697470 WorkerThread "GC Thread#5" [stack: 0x000000b525400000,0x000000b525500000] [id=29236]
  0x0000021f627a15c0 WorkerThread "GC Thread#6" [stack: 0x000000b525500000,0x000000b525600000] [id=4780]
  0x0000021f627a1860 WorkerThread "GC Thread#7" [stack: 0x000000b525600000,0x000000b525700000] [id=12984]
  0x0000021f4080dd20 ConcurrentGCThread "G1 Main Marker" [stack: 0x000000b523000000,0x000000b523100000] [id=26228]
  0x0000021f4080eeb0 WorkerThread "G1 Conc#0" [stack: 0x000000b523100000,0x000000b523200000] [id=6548]
  0x0000021f40856070 ConcurrentGCThread "G1 Refine#0" [stack: 0x000000b523200000,0x000000b523300000] [id=26968]
  0x0000021f40858840 ConcurrentGCThread "G1 Service" [stack: 0x000000b523300000,0x000000b523400000] [id=11824]

Threads with active compile tasks:
C2 CompilerThread0    61443 4153       4       javafx.css.SimpleSelector::applies (221 bytes)

VM state: not at safepoint (normal execution)

VM Mutex/Monitor currently owned by a thread: None

Heap address: 0x00000000a0c00000, size: 1524 MB, Compressed Oops mode: 32-bit

CDS archive(s) mapped at: [0x0000000800000000-0x0000000800ba0000-0x0000000800ba0000), size 12189696, SharedBaseAddress: 0x0000000800000000, ArchiveRelocationMode: 0.
Compressed class space mapped at: 0x0000000800c00000-0x0000000840c00000, reserved size: 1073741824
Narrow klass base: 0x0000000800000000, Narrow klass shift: 0, Narrow klass range: 0x100000000

GC Precious Log:
 CardTable entry size: 512
 Card Set container configuration: InlinePtr #cards 5 size 8 Array Of Cards #cards 12 size 40 Howl #buckets 4 coarsen threshold 1843 Howl Bitmap #cards 512 size 80 coarsen threshold 460 Card regions per heap region 1 cards per card region 2048
 CPUs: 8 total, 8 available
 Memory: 6091M
 Large Page Support: Disabled
 NUMA Support: Disabled
 Compressed Oops: Enabled (32-bit)
 Heap Region Size: 1M
 Heap Min Capacity: 8M
 Heap Initial Capacity: 96M
 Heap Max Capacity: 1524M
 Pre-touch: Disabled
 Parallel Workers: 8
 Concurrent Workers: 2
 Concurrent Refinement Workers: 8
 Periodic GC: Disabled

Heap:
 garbage-first heap   total 98304K, used 40386K [0x00000000a0c00000, 0x0000000100000000)
  region size 1024K, 35 young (35840K), 4 survivors (4096K)
 Metaspace       used 20227K, committed 20672K, reserved 1114112K
  class space    used 2589K, committed 2816K, reserved 1048576K

Heap Regions: E=young(eden), S=young(survivor), O=old, HS=humongous(starts), HC=humongous(continues), CS=collection set, F=free, OA=open archive, CA=closed archive, TAMS=top-at-mark-start (previous, next)
|   0|0x00000000a0c00000, 0x00000000a0d00000, 0x00000000a0d00000|100%| O|  |TAMS 0x00000000a0c00000, 0x00000000a0c00000| Untracked 
|   1|0x00000000a0d00000, 0x00000000a0e00000, 0x00000000a0e00000|100%|HS|  |TAMS 0x00000000a0d00000, 0x00000000a0d00000| Complete 
|   2|0x00000000a0e00000, 0x00000000a0f00000, 0x00000000a0f00000|100%|HC|  |TAMS 0x00000000a0e00000, 0x00000000a0e00000| Complete 
|   3|0x00000000a0f00000, 0x00000000a1000000, 0x00000000a1000000|100%| O|  |TAMS 0x00000000a0f00000, 0x00000000a0f00000| Untracked 
|   4|0x00000000a1000000, 0x00000000a1100000, 0x00000000a1100000|100%| O|  |TAMS 0x00000000a1000000, 0x00000000a1000000| Untracked 
|   5|0x00000000a1100000, 0x00000000a1192a00, 0x00000000a1200000| 57%| O|  |TAMS 0x00000000a1100000, 0x00000000a1100000| Untracked 
|   6|0x00000000a1200000, 0x00000000a1200000, 0x00000000a1300000|  0%| F|  |TAMS 0x00000000a1200000, 0x00000000a1200000| Untracked 
|   7|0x00000000a1300000, 0x00000000a1300000, 0x00000000a1400000|  0%| F|  |TAMS 0x00000000a1300000, 0x00000000a1300000| Untracked 
|   8|0x00000000a1400000, 0x00000000a1400000, 0x00000000a1500000|  0%| F|  |TAMS 0x00000000a1400000, 0x00000000a1400000| Untracked 
|   9|0x00000000a1500000, 0x00000000a1500000, 0x00000000a1600000|  0%| F|  |TAMS 0x00000000a1500000, 0x00000000a1500000| Untracked 
|  10|0x00000000a1600000, 0x00000000a1600000, 0x00000000a1700000|  0%| F|  |TAMS 0x00000000a1600000, 0x00000000a1600000| Untracked 
|  11|0x00000000a1700000, 0x00000000a1700000, 0x00000000a1800000|  0%| F|  |TAMS 0x00000000a1700000, 0x00000000a1700000| Untracked 
|  12|0x00000000a1800000, 0x00000000a1800000, 0x00000000a1900000|  0%| F|  |TAMS 0x00000000a1800000, 0x00000000a1800000| Untracked 
|  13|0x00000000a1900000, 0x00000000a1900000, 0x00000000a1a00000|  0%| F|  |TAMS 0x00000000a1900000, 0x00000000a1900000| Untracked 
|  14|0x00000000a1a00000, 0x00000000a1a00000, 0x00000000a1b00000|  0%| F|  |TAMS 0x00000000a1a00000, 0x00000000a1a00000| Untracked 
|  15|0x00000000a1b00000, 0x00000000a1b00000, 0x00000000a1c00000|  0%| F|  |TAMS 0x00000000a1b00000, 0x00000000a1b00000| Untracked 
|  16|0x00000000a1c00000, 0x00000000a1c00000, 0x00000000a1d00000|  0%| F|  |TAMS 0x00000000a1c00000, 0x00000000a1c00000| Untracked 
|  17|0x00000000a1d00000, 0x00000000a1d00000, 0x00000000a1e00000|  0%| F|  |TAMS 0x00000000a1d00000, 0x00000000a1d00000| Untracked 
|  18|0x00000000a1e00000, 0x00000000a1e00000, 0x00000000a1f00000|  0%| F|  |TAMS 0x00000000a1e00000, 0x00000000a1e00000| Untracked 
|  19|0x00000000a1f00000, 0x00000000a1f00000, 0x00000000a2000000|  0%| F|  |TAMS 0x00000000a1f00000, 0x00000000a1f00000| Untracked 
|  20|0x00000000a2000000, 0x00000000a2000000, 0x00000000a2100000|  0%| F|  |TAMS 0x00000000a2000000, 0x00000000a2000000| Untracked 
|  21|0x00000000a2100000, 0x00000000a2100000, 0x00000000a2200000|  0%| F|  |TAMS 0x00000000a2100000, 0x00000000a2100000| Untracked 
|  22|0x00000000a2200000, 0x00000000a2200000, 0x00000000a2300000|  0%| F|  |TAMS 0x00000000a2200000, 0x00000000a2200000| Untracked 
|  23|0x00000000a2300000, 0x00000000a2300000, 0x00000000a2400000|  0%| F|  |TAMS 0x00000000a2300000, 0x00000000a2300000| Untracked 
|  24|0x00000000a2400000, 0x00000000a2400000, 0x00000000a2500000|  0%| F|  |TAMS 0x00000000a2400000, 0x00000000a2400000| Untracked 
|  25|0x00000000a2500000, 0x00000000a2500000, 0x00000000a2600000|  0%| F|  |TAMS 0x00000000a2500000, 0x00000000a2500000| Untracked 
|  26|0x00000000a2600000, 0x00000000a2600000, 0x00000000a2700000|  0%| F|  |TAMS 0x00000000a2600000, 0x00000000a2600000| Untracked 
|  27|0x00000000a2700000, 0x00000000a2700000, 0x00000000a2800000|  0%| F|  |TAMS 0x00000000a2700000, 0x00000000a2700000| Untracked 
|  28|0x00000000a2800000, 0x00000000a2800000, 0x00000000a2900000|  0%| F|  |TAMS 0x00000000a2800000, 0x00000000a2800000| Untracked 
|  29|0x00000000a2900000, 0x00000000a2900000, 0x00000000a2a00000|  0%| F|  |TAMS 0x00000000a2900000, 0x00000000a2900000| Untracked 
|  30|0x00000000a2a00000, 0x00000000a2a00000, 0x00000000a2b00000|  0%| F|  |TAMS 0x00000000a2a00000, 0x00000000a2a00000| Untracked 
|  31|0x00000000a2b00000, 0x00000000a2b00000, 0x00000000a2c00000|  0%| F|  |TAMS 0x00000000a2b00000, 0x00000000a2b00000| Untracked 
|  32|0x00000000a2c00000, 0x00000000a2c00000, 0x00000000a2d00000|  0%| F|  |TAMS 0x00000000a2c00000, 0x00000000a2c00000| Untracked 
|  33|0x00000000a2d00000, 0x00000000a2d00000, 0x00000000a2e00000|  0%| F|  |TAMS 0x00000000a2d00000, 0x00000000a2d00000| Untracked 
|  34|0x00000000a2e00000, 0x00000000a2e00000, 0x00000000a2f00000|  0%| F|  |TAMS 0x00000000a2e00000, 0x00000000a2e00000| Untracked 
|  35|0x00000000a2f00000, 0x00000000a2f00000, 0x00000000a3000000|  0%| F|  |TAMS 0x00000000a2f00000, 0x00000000a2f00000| Untracked 
|  36|0x00000000a3000000, 0x00000000a3000000, 0x00000000a3100000|  0%| F|  |TAMS 0x00000000a3000000, 0x00000000a3000000| Untracked 
|  37|0x00000000a3100000, 0x00000000a3100000, 0x00000000a3200000|  0%| F|  |TAMS 0x00000000a3100000, 0x00000000a3100000| Untracked 
|  38|0x00000000a3200000, 0x00000000a3200000, 0x00000000a3300000|  0%| F|  |TAMS 0x00000000a3200000, 0x00000000a3200000| Untracked 
|  39|0x00000000a3300000, 0x00000000a3300000, 0x00000000a3400000|  0%| F|  |TAMS 0x00000000a3300000, 0x00000000a3300000| Untracked 
|  40|0x00000000a3400000, 0x00000000a3400000, 0x00000000a3500000|  0%| F|  |TAMS 0x00000000a3400000, 0x00000000a3400000| Untracked 
|  41|0x00000000a3500000, 0x00000000a3500000, 0x00000000a3600000|  0%| F|  |TAMS 0x00000000a3500000, 0x00000000a3500000| Untracked 
|  42|0x00000000a3600000, 0x00000000a3600000, 0x00000000a3700000|  0%| F|  |TAMS 0x00000000a3600000, 0x00000000a3600000| Untracked 
|  43|0x00000000a3700000, 0x00000000a3700000, 0x00000000a3800000|  0%| F|  |TAMS 0x00000000a3700000, 0x00000000a3700000| Untracked 
|  44|0x00000000a3800000, 0x00000000a3800000, 0x00000000a3900000|  0%| F|  |TAMS 0x00000000a3800000, 0x00000000a3800000| Untracked 
|  45|0x00000000a3900000, 0x00000000a3900000, 0x00000000a3a00000|  0%| F|  |TAMS 0x00000000a3900000, 0x00000000a3900000| Untracked 
|  46|0x00000000a3a00000, 0x00000000a3a00000, 0x00000000a3b00000|  0%| F|  |TAMS 0x00000000a3a00000, 0x00000000a3a00000| Untracked 
|  47|0x00000000a3b00000, 0x00000000a3b00000, 0x00000000a3c00000|  0%| F|  |TAMS 0x00000000a3b00000, 0x00000000a3b00000| Untracked 
|  48|0x00000000a3c00000, 0x00000000a3c00000, 0x00000000a3d00000|  0%| F|  |TAMS 0x00000000a3c00000, 0x00000000a3c00000| Untracked 
|  49|0x00000000a3d00000, 0x00000000a3d00000, 0x00000000a3e00000|  0%| F|  |TAMS 0x00000000a3d00000, 0x00000000a3d00000| Untracked 
|  50|0x00000000a3e00000, 0x00000000a3e00000, 0x00000000a3f00000|  0%| F|  |TAMS 0x00000000a3e00000, 0x00000000a3e00000| Untracked 
|  51|0x00000000a3f00000, 0x00000000a3f00000, 0x00000000a4000000|  0%| F|  |TAMS 0x00000000a3f00000, 0x00000000a3f00000| Untracked 
|  52|0x00000000a4000000, 0x00000000a4000000, 0x00000000a4100000|  0%| F|  |TAMS 0x00000000a4000000, 0x00000000a4000000| Untracked 
|  53|0x00000000a4100000, 0x00000000a4100000, 0x00000000a4200000|  0%| F|  |TAMS 0x00000000a4100000, 0x00000000a4100000| Untracked 
|  54|0x00000000a4200000, 0x00000000a4200000, 0x00000000a4300000|  0%| F|  |TAMS 0x00000000a4200000, 0x00000000a4200000| Untracked 
|  55|0x00000000a4300000, 0x00000000a4300000, 0x00000000a4400000|  0%| F|  |TAMS 0x00000000a4300000, 0x00000000a4300000| Untracked 
|  56|0x00000000a4400000, 0x00000000a4400000, 0x00000000a4500000|  0%| F|  |TAMS 0x00000000a4400000, 0x00000000a4400000| Untracked 
|  57|0x00000000a4500000, 0x00000000a4500000, 0x00000000a4600000|  0%| F|  |TAMS 0x00000000a4500000, 0x00000000a4500000| Untracked 
|  58|0x00000000a4600000, 0x00000000a4600000, 0x00000000a4700000|  0%| F|  |TAMS 0x00000000a4600000, 0x00000000a4600000| Untracked 
|  59|0x00000000a4700000, 0x00000000a47ddf30, 0x00000000a4800000| 86%| S|CS|TAMS 0x00000000a4700000, 0x00000000a4700000| Complete 
|  60|0x00000000a4800000, 0x00000000a4900000, 0x00000000a4900000|100%| S|CS|TAMS 0x00000000a4800000, 0x00000000a4800000| Complete 
|  61|0x00000000a4900000, 0x00000000a4a00000, 0x00000000a4a00000|100%| S|CS|TAMS 0x00000000a4900000, 0x00000000a4900000| Complete 
|  62|0x00000000a4a00000, 0x00000000a4b00000, 0x00000000a4b00000|100%| S|CS|TAMS 0x00000000a4a00000, 0x00000000a4a00000| Complete 
|  63|0x00000000a4b00000, 0x00000000a4b00000, 0x00000000a4c00000|  0%| F|  |TAMS 0x00000000a4b00000, 0x00000000a4b00000| Untracked 
|  64|0x00000000a4c00000, 0x00000000a4c00000, 0x00000000a4d00000|  0%| F|  |TAMS 0x00000000a4c00000, 0x00000000a4c00000| Untracked 
|  65|0x00000000a4d00000, 0x00000000a4dc1440, 0x00000000a4e00000| 75%| E|  |TAMS 0x00000000a4d00000, 0x00000000a4d00000| Complete 
|  66|0x00000000a4e00000, 0x00000000a4f00000, 0x00000000a4f00000|100%| E|CS|TAMS 0x00000000a4e00000, 0x00000000a4e00000| Complete 
|  67|0x00000000a4f00000, 0x00000000a5000000, 0x00000000a5000000|100%| E|CS|TAMS 0x00000000a4f00000, 0x00000000a4f00000| Complete 
|  68|0x00000000a5000000, 0x00000000a5100000, 0x00000000a5100000|100%| E|CS|TAMS 0x00000000a5000000, 0x00000000a5000000| Complete 
|  69|0x00000000a5100000, 0x00000000a5200000, 0x00000000a5200000|100%| E|CS|TAMS 0x00000000a5100000, 0x00000000a5100000| Complete 
|  70|0x00000000a5200000, 0x00000000a5300000, 0x00000000a5300000|100%| E|CS|TAMS 0x00000000a5200000, 0x00000000a5200000| Complete 
|  71|0x00000000a5300000, 0x00000000a5400000, 0x00000000a5400000|100%| E|CS|TAMS 0x00000000a5300000, 0x00000000a5300000| Complete 
|  72|0x00000000a5400000, 0x00000000a5500000, 0x00000000a5500000|100%| E|CS|TAMS 0x00000000a5400000, 0x00000000a5400000| Complete 
|  73|0x00000000a5500000, 0x00000000a5600000, 0x00000000a5600000|100%| E|CS|TAMS 0x00000000a5500000, 0x00000000a5500000| Complete 
|  74|0x00000000a5600000, 0x00000000a5700000, 0x00000000a5700000|100%| E|CS|TAMS 0x00000000a5600000, 0x00000000a5600000| Complete 
|  75|0x00000000a5700000, 0x00000000a5800000, 0x00000000a5800000|100%| E|CS|TAMS 0x00000000a5700000, 0x00000000a5700000| Complete 
|  76|0x00000000a5800000, 0x00000000a5900000, 0x00000000a5900000|100%| E|CS|TAMS 0x00000000a5800000, 0x00000000a5800000| Complete 
|  77|0x00000000a5900000, 0x00000000a5a00000, 0x00000000a5a00000|100%| E|CS|TAMS 0x00000000a5900000, 0x00000000a5900000| Complete 
|  78|0x00000000a5a00000, 0x00000000a5b00000, 0x00000000a5b00000|100%| E|CS|TAMS 0x00000000a5a00000, 0x00000000a5a00000| Complete 
|  79|0x00000000a5b00000, 0x00000000a5c00000, 0x00000000a5c00000|100%| E|CS|TAMS 0x00000000a5b00000, 0x00000000a5b00000| Complete 
|  80|0x00000000a5c00000, 0x00000000a5d00000, 0x00000000a5d00000|100%| E|CS|TAMS 0x00000000a5c00000, 0x00000000a5c00000| Complete 
|  81|0x00000000a5d00000, 0x00000000a5e00000, 0x00000000a5e00000|100%| E|CS|TAMS 0x00000000a5d00000, 0x00000000a5d00000| Complete 
|  82|0x00000000a5e00000, 0x00000000a5f00000, 0x00000000a5f00000|100%| E|CS|TAMS 0x00000000a5e00000, 0x00000000a5e00000| Complete 
|  83|0x00000000a5f00000, 0x00000000a6000000, 0x00000000a6000000|100%| E|CS|TAMS 0x00000000a5f00000, 0x00000000a5f00000| Complete 
|  84|0x00000000a6000000, 0x00000000a6100000, 0x00000000a6100000|100%| E|CS|TAMS 0x00000000a6000000, 0x00000000a6000000| Complete 
|  85|0x00000000a6100000, 0x00000000a6200000, 0x00000000a6200000|100%| E|CS|TAMS 0x00000000a6100000, 0x00000000a6100000| Complete 
|  86|0x00000000a6200000, 0x00000000a6300000, 0x00000000a6300000|100%| E|CS|TAMS 0x00000000a6200000, 0x00000000a6200000| Complete 
|  87|0x00000000a6300000, 0x00000000a6400000, 0x00000000a6400000|100%| E|CS|TAMS 0x00000000a6300000, 0x00000000a6300000| Complete 
|  88|0x00000000a6400000, 0x00000000a6500000, 0x00000000a6500000|100%| E|CS|TAMS 0x00000000a6400000, 0x00000000a6400000| Complete 
|  89|0x00000000a6500000, 0x00000000a6600000, 0x00000000a6600000|100%| E|CS|TAMS 0x00000000a6500000, 0x00000000a6500000| Complete 
|  90|0x00000000a6600000, 0x00000000a6700000, 0x00000000a6700000|100%| E|CS|TAMS 0x00000000a6600000, 0x00000000a6600000| Complete 
|  91|0x00000000a6700000, 0x00000000a6800000, 0x00000000a6800000|100%| E|CS|TAMS 0x00000000a6700000, 0x00000000a6700000| Complete 
|  92|0x00000000a6800000, 0x00000000a6900000, 0x00000000a6900000|100%| E|CS|TAMS 0x00000000a6800000, 0x00000000a6800000| Complete 
|  93|0x00000000a6900000, 0x00000000a6a00000, 0x00000000a6a00000|100%| E|CS|TAMS 0x00000000a6900000, 0x00000000a6900000| Complete 
|  94|0x00000000a6a00000, 0x00000000a6b00000, 0x00000000a6b00000|100%| E|CS|TAMS 0x00000000a6a00000, 0x00000000a6a00000| Complete 
|  95|0x00000000a6b00000, 0x00000000a6c00000, 0x00000000a6c00000|100%| E|CS|TAMS 0x00000000a6b00000, 0x00000000a6b00000| Complete 

Card table byte_map: [0x0000021f57980000,0x0000021f57c80000] _byte_map_base: 0x0000021f5747a000

Marking Bits (Prev, Next): (CMBitMap*) 0x0000021f40801410, (CMBitMap*) 0x0000021f40801450
 Prev Bits: [0x0000021f57f80000, 0x0000021f59750000)
 Next Bits: [0x0000021f59750000, 0x0000021f5af20000)

Polling page: 0x0000021f3e700000

Metaspace:

Usage:
  Non-class:     17.22 MB used.
      Class:      2.53 MB used.
       Both:     19.75 MB used.

Virtual space:
  Non-class space:       64.00 MB reserved,      17.44 MB ( 27%) committed,  1 nodes.
      Class space:        1.00 GB reserved,       2.75 MB ( <1%) committed,  1 nodes.
             Both:        1.06 GB reserved,      20.19 MB (  2%) committed. 

Chunk freelists:
   Non-Class:  1.91 MB
       Class:  1.11 MB
        Both:  3.02 MB

MaxMetaspaceSize: unlimited
CompressedClassSpaceSize: 1.00 GB
Initial GC threshold: 21.00 MB
Current GC threshold: 21.00 MB
CDS: on
MetaspaceReclaimPolicy: balanced
 - commit_granule_bytes: 65536.
 - commit_granule_words: 8192.
 - virtual_space_node_default_size: 8388608.
 - enlarge_chunks_in_place: 1.
 - new_chunks_are_fully_committed: 0.
 - uncommit_free_chunks: 1.
 - use_allocation_guard: 0.


Internal statistics:

num_allocs_failed_limit: 0.
num_arena_births: 356.
num_arena_deaths: 0.
num_vsnodes_births: 2.
num_vsnodes_deaths: 0.
num_space_committed: 323.
num_space_uncommitted: 0.
num_chunks_returned_to_freelist: 0.
num_chunks_taken_from_freelist: 992.
num_chunk_merges: 0.
num_chunk_splits: 696.
num_chunks_enlarged: 538.
num_inconsistent_stats: 0.

CodeHeap 'non-profiled nmethods': size=120000Kb used=1790Kb max_used=1790Kb free=118209Kb
 bounds [0x0000021f4fe20000, 0x0000021f50090000, 0x0000021f57350000]
CodeHeap 'profiled nmethods': size=120000Kb used=8720Kb max_used=8720Kb free=111280Kb
 bounds [0x0000021f488f0000, 0x0000021f49180000, 0x0000021f4fe20000]
CodeHeap 'non-nmethods': size=5760Kb used=1483Kb max_used=1522Kb free=4276Kb
 bounds [0x0000021f48350000, 0x0000021f485c0000, 0x0000021f488f0000]
 total_blobs=5006 nmethods=4164 adapters=753
 compilation: enabled
              stopped_count=0, restarted_count=0
 full_count=0

Compilation events (20 events):
Event: 61.342 Thread 0x0000021f63c75280 4166       4       javafx.scene.CssStyleHelper::getStyle (162 bytes)
Event: 61.373 Thread 0x0000021f5d8ffa70 nmethod 4164 0x0000021f4915c690 code [0x0000021f4915db00, 0x0000021f4916b258]
Event: 61.373 Thread 0x0000021f5d8ffa70 4158       3       javafx.scene.CssStyleHelper::canReuseStyleHelper (192 bytes)
Event: 61.374 Thread 0x0000021f5d8ffa70 nmethod 4158 0x0000021f49170110 code [0x0000021f491703a0, 0x0000021f491711a8]
Event: 61.374 Thread 0x0000021f5d8ffa70 4162       3       javafx.scene.CssStyleHelper::findFirstStyleableAncestor (50 bytes)
Event: 61.374 Thread 0x0000021f5d8ffa70 nmethod 4162 0x0000021f49171690 code [0x0000021f49171880, 0x0000021f49171f58]
Event: 61.374 Thread 0x0000021f5d8ffa70 4165       3       java.lang.reflect.Array::newInstance (6 bytes)
Event: 61.375 Thread 0x0000021f5d8ffa70 nmethod 4165 0x0000021f49172110 code [0x0000021f491722a0, 0x0000021f491723a8]
Event: 61.375 Thread 0x0000021f5d8ffa70 4161       3       javafx.scene.shape.Shape::getFill (24 bytes)
Event: 61.375 Thread 0x0000021f5d8ffa70 nmethod 4161 0x0000021f49172490 code [0x0000021f49172660, 0x0000021f49172b08]
Event: 61.375 Thread 0x0000021f5d8ffa70 4163       3       javafx.scene.CssStyleHelper::isUserSetFont (101 bytes)
Event: 61.376 Thread 0x0000021f5d8ffa70 nmethod 4163 0x0000021f49172c10 code [0x0000021f49172e40, 0x0000021f49173808]
Event: 61.376 Thread 0x0000021f5d8ffa70 4160       3       com.sun.javafx.scene.ParentHelper::processCSSImpl (10 bytes)
Event: 61.376 Thread 0x0000021f5d8ffa70 nmethod 4160 0x0000021f49173a10 code [0x0000021f49173bc0, 0x0000021f49173ec8]
Event: 61.376 Thread 0x0000021f5d8ffa70 4168       1       javafx.scene.shape.Shape::getMode (5 bytes)
Event: 61.376 Thread 0x0000021f5d8ffa70 nmethod 4168 0x0000021f4ffdc590 code [0x0000021f4ffdc720, 0x0000021f4ffdc7f8]
Event: 61.379 Thread 0x0000021f63c75280 nmethod 4166 0x0000021f4ffdc890 code [0x0000021f4ffdcae0, 0x0000021f4ffdd780]
Event: 61.379 Thread 0x0000021f63c75280 4167       4       javafx.scene.Node::getLayoutBounds (11 bytes)
Event: 61.382 Thread 0x0000021f63c75280 nmethod 4167 0x0000021f4ffde590 code [0x0000021f4ffde720, 0x0000021f4ffde8e8]
Event: 61.382 Thread 0x0000021f63c75280 4159   !   4       com.sun.javafx.css.StyleManager::getCacheContainer (152 bytes)

GC Heap History (4 events):
Event: 1.394 GC heap before
{Heap before GC invocations=0 (full 0):
 garbage-first heap   total 98304K, used 22528K [0x00000000a0c00000, 0x0000000100000000)
  region size 1024K, 23 young (23552K), 0 survivors (0K)
 Metaspace       used 5161K, committed 5312K, reserved 1114112K
  class space    used 590K, committed 640K, reserved 1048576K
}
Event: 1.400 GC heap after
{Heap after GC invocations=1 (full 0):
 garbage-first heap   total 98304K, used 3997K [0x00000000a0c00000, 0x0000000100000000)
  region size 1024K, 3 young (3072K), 3 survivors (3072K)
 Metaspace       used 5161K, committed 5312K, reserved 1114112K
  class space    used 590K, committed 640K, reserved 1048576K
}
Event: 10.083 GC heap before
{Heap before GC invocations=1 (full 0):
 garbage-first heap   total 98304K, used 36765K [0x00000000a0c00000, 0x0000000100000000)
  region size 1024K, 33 young (33792K), 3 survivors (3072K)
 Metaspace       used 13808K, committed 14080K, reserved 1114112K
  class space    used 1785K, committed 1920K, reserved 1048576K
}
Event: 10.090 GC heap after
{Heap after GC invocations=2 (full 0):
 garbage-first heap   total 98304K, used 9666K [0x00000000a0c00000, 0x0000000100000000)
  region size 1024K, 4 young (4096K), 4 survivors (4096K)
 Metaspace       used 13808K, committed 14080K, reserved 1114112K
  class space    used 1785K, committed 1920K, reserved 1048576K
}

Deoptimization events (20 events):
Event: 48.503 Thread 0x0000021f625b1780 Uncommon trap: trap_request=0xffffff45 fr.pc=0x0000021f4ff544c8 relative=0x00000000000001e8
Event: 48.503 Thread 0x0000021f625b1780 Uncommon trap: reason=unstable_if action=reinterpret pc=0x0000021f4ff544c8 method=com.sun.javafx.event.EventHandlerManager.dispatchBubblingEvent(Ljavafx/event/EventType;Ljavafx/event/Event;)Ljavafx/event/Event; @ 22 c2
Event: 48.503 Thread 0x0000021f625b1780 DEOPT PACKING pc=0x0000021f4ff544c8 sp=0x000000b5247fdbc0
Event: 48.503 Thread 0x0000021f625b1780 DEOPT UNPACKING pc=0x0000021f483a23a3 sp=0x000000b5247fdb60 mode 2
Event: 50.939 Thread 0x0000021f624738a0 Uncommon trap: trap_request=0xffffffbe fr.pc=0x0000021f4ffa05dc relative=0x000000000000183c
Event: 50.939 Thread 0x0000021f624738a0 Uncommon trap: reason=profile_predicate action=maybe_recompile pc=0x0000021f4ffa05dc method=com.sun.prism.impl.shape.DMarlinPrismUtils.feedConsumer(Lcom/sun/marlin/RendererContext;Lcom/sun/javafx/geom/Path2D;Lcom/sun/javafx/geom/transform/BaseTransform;Lc
Event: 50.939 Thread 0x0000021f624738a0 DEOPT PACKING pc=0x0000021f4ffa05dc sp=0x000000b523ffce90
Event: 50.939 Thread 0x0000021f624738a0 DEOPT UNPACKING pc=0x0000021f483a23a3 sp=0x000000b523ffce90 mode 2
Event: 51.944 Thread 0x0000021f624738a0 Uncommon trap: trap_request=0xffffffbe fr.pc=0x0000021f4ffa05dc relative=0x000000000000183c
Event: 51.944 Thread 0x0000021f624738a0 Uncommon trap: reason=profile_predicate action=maybe_recompile pc=0x0000021f4ffa05dc method=com.sun.prism.impl.shape.DMarlinPrismUtils.feedConsumer(Lcom/sun/marlin/RendererContext;Lcom/sun/javafx/geom/Path2D;Lcom/sun/javafx/geom/transform/BaseTransform;Lc
Event: 51.944 Thread 0x0000021f624738a0 DEOPT PACKING pc=0x0000021f4ffa05dc sp=0x000000b523ffcf80
Event: 51.944 Thread 0x0000021f624738a0 DEOPT UNPACKING pc=0x0000021f483a23a3 sp=0x000000b523ffcf80 mode 2
Event: 53.737 Thread 0x0000021f624738a0 Uncommon trap: trap_request=0xffffffbe fr.pc=0x0000021f4ffa05dc relative=0x000000000000183c
Event: 53.737 Thread 0x0000021f624738a0 Uncommon trap: reason=profile_predicate action=maybe_recompile pc=0x0000021f4ffa05dc method=com.sun.prism.impl.shape.DMarlinPrismUtils.feedConsumer(Lcom/sun/marlin/RendererContext;Lcom/sun/javafx/geom/Path2D;Lcom/sun/javafx/geom/transform/BaseTransform;Lc
Event: 53.737 Thread 0x0000021f624738a0 DEOPT PACKING pc=0x0000021f4ffa05dc sp=0x000000b523ffce90
Event: 53.737 Thread 0x0000021f624738a0 DEOPT UNPACKING pc=0x0000021f483a23a3 sp=0x000000b523ffce90 mode 2
Event: 53.913 Thread 0x0000021f624738a0 Uncommon trap: trap_request=0xffffffbe fr.pc=0x0000021f4ffa05dc relative=0x000000000000183c
Event: 53.913 Thread 0x0000021f624738a0 Uncommon trap: reason=profile_predicate action=maybe_recompile pc=0x0000021f4ffa05dc method=com.sun.prism.impl.shape.DMarlinPrismUtils.feedConsumer(Lcom/sun/marlin/RendererContext;Lcom/sun/javafx/geom/Path2D;Lcom/sun/javafx/geom/transform/BaseTransform;Lc
Event: 53.913 Thread 0x0000021f624738a0 DEOPT PACKING pc=0x0000021f4ffa05dc sp=0x000000b523ffce90
Event: 53.913 Thread 0x0000021f624738a0 DEOPT UNPACKING pc=0x0000021f483a23a3 sp=0x000000b523ffce90 mode 2

Classes loaded (20 events):
Event: 48.277 Loading class java/text/FieldPosition$Delegate
Event: 48.277 Loading class java/text/FieldPosition$Delegate done
Event: 52.067 Loading class java/text/BreakIterator
Event: 52.067 Loading class java/text/BreakIterator done
Event: 52.067 Loading class sun/util/locale/provider/BreakIteratorProviderImpl
Event: 52.069 Loading class sun/util/locale/provider/BreakIteratorProviderImpl done
Event: 52.070 Loading class sun/text/resources/BreakIteratorInfo
Event: 52.070 Loading class sun/text/resources/BreakIteratorInfo done
Event: 52.070 Loading class sun/text/resources/BreakIteratorResources
Event: 52.071 Loading class sun/util/resources/BreakIteratorResourceBundle
Event: 52.071 Loading class sun/util/resources/BreakIteratorResourceBundle done
Event: 52.071 Loading class sun/text/resources/BreakIteratorResources done
Event: 52.072 Loading class sun/text/RuleBasedBreakIterator
Event: 52.073 Loading class sun/text/RuleBasedBreakIterator done
Event: 52.074 Loading class sun/text/CompactByteArray
Event: 52.074 Loading class sun/text/CompactByteArray done
Event: 52.074 Loading class sun/text/SupplementaryCharacterData
Event: 52.074 Loading class sun/text/SupplementaryCharacterData done
Event: 52.074 Loading class java/text/BreakIterator$BreakIteratorCache
Event: 52.075 Loading class java/text/BreakIterator$BreakIteratorCache done

Classes unloaded (0 events):
No events

Classes redefined (0 events):
No events

Internal exceptions (20 events):
Event: 2.686 Thread 0x0000021f624738a0 Exception <a 'java/lang/NoSuchMethodError'{0x00000000a4f556a0}: 'int java.lang.invoke.DirectMethodHandle$Holder.invokeStaticInit(java.lang.Object, java.lang.Object)'> (0x00000000a4f556a0) 
thrown [s\src\hotspot\share\interpreter\linkResolver.cpp, line 759]
Event: 10.105 Thread 0x0000021f625b1780 Exception <a 'java/lang/NoSuchMethodError'{0x00000000a6b43780}: 'long java.lang.invoke.DirectMethodHandle$Holder.invokeStatic(java.lang.Object, java.lang.Object, java.lang.Object)'> (0x00000000a6b43780) 
thrown [s\src\hotspot\share\interpreter\linkResolver.cpp, line 759]
Event: 10.106 Thread 0x0000021f625b1780 Exception <a 'java/lang/NoSuchMethodError'{0x00000000a6b46f20}: 'long java.lang.invoke.DirectMethodHandle$Holder.invokeStaticInit(java.lang.Object, java.lang.Object, java.lang.Object)'> (0x00000000a6b46f20) 
thrown [s\src\hotspot\share\interpreter\linkResolver.cpp, line 759]
Event: 10.109 Thread 0x0000021f625b1780 Exception <a 'java/lang/NoSuchMethodError'{0x00000000a6b5f660}: 'java.lang.Object java.lang.invoke.DirectMethodHandle$Holder.newInvokeSpecial(java.lang.Object, java.lang.Object, long)'> (0x00000000a6b5f660) 
thrown [s\src\hotspot\share\interpreter\linkResolver.cpp, line 759]
Event: 10.109 Thread 0x0000021f625b1780 Exception <a 'java/lang/NoSuchMethodError'{0x00000000a6bc3d10}: 'java.lang.Object java.lang.invoke.Invokers$Holder.linkToTargetMethod(java.lang.Object, long, java.lang.Object)'> (0x00000000a6bc3d10) 
thrown [s\src\hotspot\share\interpreter\linkResolver.cpp, line 759]
Event: 10.237 Thread 0x0000021f625b1780 Exception <a 'java/lang/ClassNotFoundException'{0x00000000a6875780}: com/sun/javafx/scene/control/skin/resources/controls> (0x00000000a6875780) 
thrown [s\src\hotspot\share\prims\jni.cpp, line 535]
Event: 10.238 Thread 0x0000021f625b1780 Exception <a 'java/lang/ClassNotFoundException'{0x00000000a6883cc0}: com/sun/javafx/scene/control/skin/resources/controls_fr> (0x00000000a6883cc0) 
thrown [s\src\hotspot\share\prims\jni.cpp, line 535]
Event: 10.239 Thread 0x0000021f625b1780 Exception <a 'java/lang/ClassNotFoundException'{0x00000000a6891f98}: com/sun/javafx/scene/control/skin/resources/controls_fr_FR> (0x00000000a6891f98) 
thrown [s\src\hotspot\share\prims\jni.cpp, line 535]
Event: 10.286 Thread 0x0000021f625b1780 Exception <a 'java/lang/NoSuchMethodError'{0x00000000a663a3b0}: 'void java.lang.invoke.DirectMethodHandle$Holder.invokeSpecial(java.lang.Object, java.lang.Object, java.lang.Object, java.lang.Object, java.lang.Object, java.lang.Object)'> (0x00000000a663a3b0) 
thrown [s\src\hotspot\share\interpreter\linkResolver.cpp, line 759]
Event: 37.351 Thread 0x0000021f625b1780 Exception <a 'sun/nio/fs/WindowsException'{0x00000000a6002d48}> (0x00000000a6002d48) 
thrown [s\src\hotspot\share\prims\jni.cpp, line 516]
Event: 37.397 Thread 0x0000021f625b1780 Exception <a 'java/lang/NoSuchMethodError'{0x00000000a5f2ad00}: 'java.lang.Object java.lang.invoke.DirectMethodHandle$Holder.invokeVirtual(java.lang.Object, java.lang.Object, java.lang.Object)'> (0x00000000a5f2ad00) 
thrown [s\src\hotspot\share\interpreter\linkResolver.cpp, line 759]
Event: 37.484 Thread 0x0000021f625b1780 Exception <a 'sun/nio/fs/WindowsException'{0x00000000a5c83e58}> (0x00000000a5c83e58) 
thrown [s\src\hotspot\share\prims\jni.cpp, line 516]
Event: 37.661 Thread 0x0000021f625b1780 Implicit null exception at 0x0000021f4fe701d2 to 0x0000021f4fe706cc
Event: 37.661 Thread 0x0000021f625b1780 Implicit null exception at 0x0000021f4fe7e3d2 to 0x0000021f4fe7e8bc
Event: 48.219 Thread 0x0000021f625b1780 Exception <a 'java/lang/NoSuchMethodError'{0x00000000a530e5f0}: 'java.lang.Object java.lang.invoke.DelegatingMethodHandle$Holder.reinvoke_L(java.lang.Object, double, double, double, double)'> (0x00000000a530e5f0) 
thrown [s\src\hotspot\share\interpreter\linkResolver.cpp, line 759]
Event: 48.222 Thread 0x0000021f625b1780 Exception <a 'java/lang/NoSuchMethodError'{0x00000000a5319c38}: 'java.lang.Object java.lang.invoke.DirectMethodHandle$Holder.invokeStatic(java.lang.Object, java.lang.Object, int)'> (0x00000000a5319c38) 
thrown [s\src\hotspot\share\interpreter\linkResolver.cpp, line 759]
Event: 48.222 Thread 0x0000021f625b1780 Exception <a 'java/lang/NoSuchMethodError'{0x00000000a531de40}: 'void java.lang.invoke.DirectMethodHandle$Holder.invokeStatic(java.lang.Object, java.lang.Object, int, java.lang.Object)'> (0x00000000a531de40) 
thrown [s\src\hotspot\share\interpreter\linkResolver.cpp, line 759]
Event: 48.223 Thread 0x0000021f625b1780 Exception <a 'java/lang/NoSuchMethodError'{0x00000000a53250f0}: 'void java.lang.invoke.DelegatingMethodHandle$Holder.delegate(java.lang.Object, java.lang.Object, int, java.lang.Object)'> (0x00000000a53250f0) 
thrown [s\src\hotspot\share\interpreter\linkResolver.cpp, line 759]
Event: 48.272 Thread 0x0000021f625b1780 Exception <a 'java/io/FileNotFoundException'{0x00000000a53f5ff8}> (0x00000000a53f5ff8) 
thrown [s\src\hotspot\share\prims\jni.cpp, line 516]
Event: 48.296 Thread 0x0000021f625b1780 Implicit null exception at 0x0000021f4ff235fa to 0x0000021f4ff23ef0

VM Operations (20 events):
Event: 50.255 Executing VM operation: Cleanup
Event: 50.255 Executing VM operation: Cleanup done
Event: 51.255 Executing VM operation: Cleanup
Event: 51.255 Executing VM operation: Cleanup done
Event: 52.256 Executing VM operation: Cleanup
Event: 52.256 Executing VM operation: Cleanup done
Event: 53.257 Executing VM operation: Cleanup
Event: 53.257 Executing VM operation: Cleanup done
Event: 54.258 Executing VM operation: Cleanup
Event: 54.258 Executing VM operation: Cleanup done
Event: 56.258 Executing VM operation: Cleanup
Event: 56.258 Executing VM operation: Cleanup done
Event: 57.258 Executing VM operation: Cleanup
Event: 57.259 Executing VM operation: Cleanup done
Event: 58.259 Executing VM operation: Cleanup
Event: 58.259 Executing VM operation: Cleanup done
Event: 60.260 Executing VM operation: Cleanup
Event: 60.260 Executing VM operation: Cleanup done
Event: 61.261 Executing VM operation: Cleanup
Event: 61.261 Executing VM operation: Cleanup done

Events (20 events):
Event: 1.164 Thread 0x0000021f625b1780 Thread added: 0x0000021f625b1780
Event: 1.319 Thread 0x0000021f6267c5a0 Thread added: 0x0000021f6267c5a0
Event: 1.342 Thread 0x0000021f625e2e90 Thread added: 0x0000021f625e2e90
Event: 1.484 Thread 0x0000021f62530980 Thread exited: 0x0000021f62530980
Event: 1.744 Thread 0x0000021f627a4a40 Thread added: 0x0000021f627a4a40
Event: 1.855 Loaded shared library C:\Users\chris\.openjfx\cache\18.0.1+2\javafx_font.dll
Event: 1.900 Thread 0x0000021f62ce8ef0 Thread added: 0x0000021f62ce8ef0
Event: 2.862 Thread 0x0000021f633a21e0 Thread added: 0x0000021f633a21e0
Event: 2.864 Thread 0x0000021f627a4a40 Thread exited: 0x0000021f627a4a40
Event: 37.348 Thread 0x0000021f633a3520 Thread added: 0x0000021f633a3520
Event: 37.786 Thread 0x0000021f62ee9040 Thread added: 0x0000021f62ee9040
Event: 40.503 Thread 0x0000021f62ee9040 Thread exited: 0x0000021f62ee9040
Event: 48.199 Loaded shared library C:\Users\chris\.openjfx\cache\18.0.1+2\javafx_iio.dll
Event: 48.285 Thread 0x0000021f61f33f70 Thread added: 0x0000021f61f33f70
Event: 48.531 Thread 0x0000021f61f33f70 Thread exited: 0x0000021f61f33f70
Event: 49.804 Thread 0x0000021f635092e0 Thread added: 0x0000021f635092e0
Event: 50.321 Thread 0x0000021f635092e0 Thread exited: 0x0000021f635092e0
Event: 50.922 Thread 0x0000021f6304ad80 Thread added: 0x0000021f6304ad80
Event: 51.166 Thread 0x0000021f6304ad80 Thread exited: 0x0000021f6304ad80
Event: 61.341 Thread 0x0000021f63c75280 Thread added: 0x0000021f63c75280


Dynamic libraries:
0x00007ff6d3240000 - 0x00007ff6d324e000 	C:\Users\chris\.jdks\temurin-18.0.2.1\bin\java.exe
0x00007fffbf910000 - 0x00007fffbfb24000 	C:\WINDOWS\SYSTEM32\ntdll.dll
0x00007fffbf090000 - 0x00007fffbf152000 	C:\WINDOWS\System32\KERNEL32.DLL
0x00007fffbcd10000 - 0x00007fffbd0b3000 	C:\WINDOWS\System32\KERNELBASE.dll
0x00007fffbd160000 - 0x00007fffbd271000 	C:\WINDOWS\System32\ucrtbase.dll
0x00007fffb94a0000 - 0x00007fffb94b9000 	C:\Users\chris\.jdks\temurin-18.0.2.1\bin\VCRUNTIME140.dll
0x00007fffb94c0000 - 0x00007fffb94d7000 	C:\Users\chris\.jdks\temurin-18.0.2.1\bin\jli.dll
0x00007fffbf6e0000 - 0x00007fffbf88b000 	C:\WINDOWS\System32\USER32.dll
0x00007fffa4160000 - 0x00007fffa43ee000 	C:\WINDOWS\WinSxS\amd64_microsoft.windows.common-controls_6595b64144ccf1df_6.0.22621.1635_none_270f70857386168e\COMCTL32.dll
0x00007fffbd590000 - 0x00007fffbd5b6000 	C:\WINDOWS\System32\win32u.dll
0x00007fffbd8b0000 - 0x00007fffbd957000 	C:\WINDOWS\System32\msvcrt.dll
0x00007fffbd880000 - 0x00007fffbd8a9000 	C:\WINDOWS\System32\GDI32.dll
0x00007fffbd470000 - 0x00007fffbd589000 	C:\WINDOWS\System32\gdi32full.dll
0x00007fffbd0c0000 - 0x00007fffbd15a000 	C:\WINDOWS\System32\msvcp_win.dll
0x00007fffbeb60000 - 0x00007fffbeb91000 	C:\WINDOWS\System32\IMM32.DLL
0x00007fffb9500000 - 0x00007fffb950c000 	C:\Users\chris\.jdks\temurin-18.0.2.1\bin\vcruntime140_1.dll
0x00007fff91430000 - 0x00007fff914c1000 	C:\Users\chris\.jdks\temurin-18.0.2.1\bin\msvcp140.dll
0x00007fff73180000 - 0x00007fff73e0a000 	C:\Users\chris\.jdks\temurin-18.0.2.1\bin\server\jvm.dll
0x00007fffbdef0000 - 0x00007fffbdf9e000 	C:\WINDOWS\System32\ADVAPI32.dll
0x00007fffbd7c0000 - 0x00007fffbd864000 	C:\WINDOWS\System32\sechost.dll
0x00007fffbdfa0000 - 0x00007fffbe0b7000 	C:\WINDOWS\System32\RPCRT4.dll
0x00007fffbf8c0000 - 0x00007fffbf8c8000 	C:\WINDOWS\System32\PSAPI.DLL
0x00007fffa03c0000 - 0x00007fffa03c9000 	C:\WINDOWS\SYSTEM32\WSOCK32.dll
0x00007fffb5970000 - 0x00007fffb59a4000 	C:\WINDOWS\SYSTEM32\WINMM.dll
0x00007fffb55c0000 - 0x00007fffb55ca000 	C:\WINDOWS\SYSTEM32\VERSION.dll
0x00007fffbd6f0000 - 0x00007fffbd761000 	C:\WINDOWS\System32\WS2_32.dll
0x00007fffbbd60000 - 0x00007fffbbd78000 	C:\WINDOWS\SYSTEM32\kernel.appcore.dll
0x00007fffb9490000 - 0x00007fffb949a000 	C:\Users\chris\.jdks\temurin-18.0.2.1\bin\jimage.dll
0x00007fffb0e40000 - 0x00007fffb106e000 	C:\WINDOWS\SYSTEM32\DBGHELP.DLL
0x00007fffbf340000 - 0x00007fffbf6c9000 	C:\WINDOWS\System32\combase.dll
0x00007fffbf260000 - 0x00007fffbf337000 	C:\WINDOWS\System32\OLEAUT32.dll
0x00007fff9ead0000 - 0x00007fff9eb02000 	C:\WINDOWS\SYSTEM32\dbgcore.DLL
0x00007fffbd3f0000 - 0x00007fffbd46b000 	C:\WINDOWS\System32\bcryptPrimitives.dll
0x00007fffb9450000 - 0x00007fffb945e000 	C:\Users\chris\.jdks\temurin-18.0.2.1\bin\instrument.dll
0x00007fffb9460000 - 0x00007fffb9485000 	C:\Users\chris\.jdks\temurin-18.0.2.1\bin\java.dll
0x00007fff8d210000 - 0x00007fff8d2e6000 	C:\Users\chris\.jdks\temurin-18.0.2.1\bin\jsvml.dll
0x00007fffbe0c0000 - 0x00007fffbe8ba000 	C:\WINDOWS\System32\SHELL32.dll
0x00007fffbad10000 - 0x00007fffbb5de000 	C:\WINDOWS\SYSTEM32\windows.storage.dll
0x00007fffbabd0000 - 0x00007fffbad0e000 	C:\WINDOWS\SYSTEM32\wintypes.dll
0x00007fffbeba0000 - 0x00007fffbec91000 	C:\WINDOWS\System32\SHCORE.dll
0x00007fffbf160000 - 0x00007fffbf1be000 	C:\WINDOWS\System32\shlwapi.dll
0x00007fffbcc40000 - 0x00007fffbcc61000 	C:\WINDOWS\SYSTEM32\profapi.dll
0x00007fffb9430000 - 0x00007fffb9443000 	C:\Users\chris\.jdks\temurin-18.0.2.1\bin\net.dll
0x00007fffb4b60000 - 0x00007fffb4c97000 	C:\WINDOWS\SYSTEM32\WINHTTP.dll
0x00007fffbc1d0000 - 0x00007fffbc239000 	C:\WINDOWS\system32\mswsock.dll
0x00007fffb75e0000 - 0x00007fffb75f6000 	C:\Users\chris\.jdks\temurin-18.0.2.1\bin\nio.dll
0x00007fffb6d10000 - 0x00007fffb6d28000 	C:\Users\chris\.jdks\temurin-18.0.2.1\bin\zip.dll
0x00007fffb6af0000 - 0x00007fffb6b0a000 	C:\Program Files\JetBrains\IntelliJ IDEA Community Edition 2022.2.4\bin\breakgen64.dll
0x0000021f406a0000 - 0x0000021f406a3000 	C:\Users\chris\.openjfx\cache\18.0.1+2\api-ms-win-core-console-l1-1-0.dll
0x0000021f406b0000 - 0x0000021f406b3000 	C:\Users\chris\.openjfx\cache\18.0.1+2\api-ms-win-core-console-l1-2-0.dll
0x0000021f406c0000 - 0x0000021f406c3000 	C:\Users\chris\.openjfx\cache\18.0.1+2\api-ms-win-core-datetime-l1-1-0.dll
0x0000021f406d0000 - 0x0000021f406d3000 	C:\Users\chris\.openjfx\cache\18.0.1+2\api-ms-win-core-debug-l1-1-0.dll
0x0000021f406e0000 - 0x0000021f406e3000 	C:\Users\chris\.openjfx\cache\18.0.1+2\api-ms-win-core-errorhandling-l1-1-0.dll
0x0000021f406f0000 - 0x0000021f406f4000 	C:\Users\chris\.openjfx\cache\18.0.1+2\api-ms-win-core-file-l1-1-0.dll
0x0000021f40700000 - 0x0000021f40703000 	C:\Users\chris\.openjfx\cache\18.0.1+2\api-ms-win-core-file-l1-2-0.dll
0x0000021f40710000 - 0x0000021f40713000 	C:\Users\chris\.openjfx\cache\18.0.1+2\api-ms-win-core-file-l2-1-0.dll
0x0000021f40720000 - 0x0000021f40723000 	C:\Users\chris\.openjfx\cache\18.0.1+2\api-ms-win-core-handle-l1-1-0.dll
0x0000021f40730000 - 0x0000021f40733000 	C:\Users\chris\.openjfx\cache\18.0.1+2\api-ms-win-core-heap-l1-1-0.dll
0x0000021f40740000 - 0x0000021f40743000 	C:\Users\chris\.openjfx\cache\18.0.1+2\api-ms-win-core-interlocked-l1-1-0.dll
0x0000021f40750000 - 0x0000021f40753000 	C:\Users\chris\.openjfx\cache\18.0.1+2\api-ms-win-core-libraryloader-l1-1-0.dll
0x0000021f40760000 - 0x0000021f40763000 	C:\Users\chris\.openjfx\cache\18.0.1+2\api-ms-win-core-localization-l1-2-0.dll
0x0000021f5dad0000 - 0x0000021f5dad3000 	C:\Users\chris\.openjfx\cache\18.0.1+2\api-ms-win-core-memory-l1-1-0.dll
0x0000021f5dae0000 - 0x0000021f5dae3000 	C:\Users\chris\.openjfx\cache\18.0.1+2\api-ms-win-core-namedpipe-l1-1-0.dll
0x0000021f5daf0000 - 0x0000021f5daf3000 	C:\Users\chris\.openjfx\cache\18.0.1+2\api-ms-win-core-processenvironment-l1-1-0.dll
0x0000021f5db00000 - 0x0000021f5db03000 	C:\Users\chris\.openjfx\cache\18.0.1+2\api-ms-win-core-processthreads-l1-1-0.dll
0x0000021f5db10000 - 0x0000021f5db13000 	C:\Users\chris\.openjfx\cache\18.0.1+2\api-ms-win-core-processthreads-l1-1-1.dll
0x0000021f5db20000 - 0x0000021f5db23000 	C:\Users\chris\.openjfx\cache\18.0.1+2\api-ms-win-core-profile-l1-1-0.dll
0x0000021f5db30000 - 0x0000021f5db33000 	C:\Users\chris\.openjfx\cache\18.0.1+2\api-ms-win-core-rtlsupport-l1-1-0.dll
0x0000021f5db40000 - 0x0000021f5db43000 	C:\Users\chris\.openjfx\cache\18.0.1+2\api-ms-win-core-string-l1-1-0.dll
0x0000021f5db50000 - 0x0000021f5db53000 	C:\Users\chris\.openjfx\cache\18.0.1+2\api-ms-win-core-synch-l1-1-0.dll
0x0000021f5db60000 - 0x0000021f5db63000 	C:\Users\chris\.openjfx\cache\18.0.1+2\api-ms-win-core-synch-l1-2-0.dll
0x0000021f5db70000 - 0x0000021f5db73000 	C:\Users\chris\.openjfx\cache\18.0.1+2\api-ms-win-core-sysinfo-l1-1-0.dll
0x0000021f5db80000 - 0x0000021f5db83000 	C:\Users\chris\.openjfx\cache\18.0.1+2\api-ms-win-core-timezone-l1-1-0.dll
0x0000021f5db90000 - 0x0000021f5db93000 	C:\Users\chris\.openjfx\cache\18.0.1+2\api-ms-win-core-util-l1-1-0.dll
0x0000021f5dba0000 - 0x0000021f5dba3000 	C:\Users\chris\.openjfx\cache\18.0.1+2\api-ms-win-crt-conio-l1-1-0.dll
0x0000021f5dbb0000 - 0x0000021f5dbb4000 	C:\Users\chris\.openjfx\cache\18.0.1+2\api-ms-win-crt-convert-l1-1-0.dll
0x0000021f5dbc0000 - 0x0000021f5dbc3000 	C:\Users\chris\.openjfx\cache\18.0.1+2\api-ms-win-crt-environment-l1-1-0.dll
0x0000021f5dbd0000 - 0x0000021f5dbd3000 	C:\Users\chris\.openjfx\cache\18.0.1+2\api-ms-win-crt-filesystem-l1-1-0.dll
0x0000021f5dbe0000 - 0x0000021f5dbe3000 	C:\Users\chris\.openjfx\cache\18.0.1+2\api-ms-win-crt-heap-l1-1-0.dll
0x0000021f5dbf0000 - 0x0000021f5dbf3000 	C:\Users\chris\.openjfx\cache\18.0.1+2\api-ms-win-crt-locale-l1-1-0.dll
0x0000021f62800000 - 0x0000021f62805000 	C:\Users\chris\.openjfx\cache\18.0.1+2\api-ms-win-crt-math-l1-1-0.dll
0x0000021f62810000 - 0x0000021f62815000 	C:\Users\chris\.openjfx\cache\18.0.1+2\api-ms-win-crt-multibyte-l1-1-0.dll
0x0000021f62820000 - 0x0000021f62830000 	C:\Users\chris\.openjfx\cache\18.0.1+2\api-ms-win-crt-private-l1-1-0.dll
0x0000021f62830000 - 0x0000021f62833000 	C:\Users\chris\.openjfx\cache\18.0.1+2\api-ms-win-crt-process-l1-1-0.dll
0x0000021f62840000 - 0x0000021f62844000 	C:\Users\chris\.openjfx\cache\18.0.1+2\api-ms-win-crt-runtime-l1-1-0.dll
0x0000021f62850000 - 0x0000021f62854000 	C:\Users\chris\.openjfx\cache\18.0.1+2\api-ms-win-crt-stdio-l1-1-0.dll
0x0000021f62860000 - 0x0000021f62864000 	C:\Users\chris\.openjfx\cache\18.0.1+2\api-ms-win-crt-string-l1-1-0.dll
0x0000021f62870000 - 0x0000021f62873000 	C:\Users\chris\.openjfx\cache\18.0.1+2\api-ms-win-crt-time-l1-1-0.dll
0x0000021f62880000 - 0x0000021f62883000 	C:\Users\chris\.openjfx\cache\18.0.1+2\api-ms-win-crt-utility-l1-1-0.dll
0x00007fff924b0000 - 0x00007fff925ac000 	C:\Users\chris\.openjfx\cache\18.0.1+2\ucrtbase.dll
0x00007fffa03d0000 - 0x00007fffa03ea000 	C:\Users\chris\.openjfx\cache\18.0.1+2\vcruntime140.dll
0x00007fffb6dd0000 - 0x00007fffb6ddc000 	C:\Users\chris\.openjfx\cache\18.0.1+2\vcruntime140_1.dll
0x00007fff7dc80000 - 0x00007fff7dd0d000 	C:\Users\chris\.openjfx\cache\18.0.1+2\msvcp140.dll
0x00007fff97190000 - 0x00007fff971bc000 	C:\Users\chris\.openjfx\cache\18.0.1+2\prism_d3d.dll
0x00007fff65c90000 - 0x00007fff65e39000 	C:\WINDOWS\system32\d3d9.dll
0x00007fffba570000 - 0x00007fffba59b000 	C:\WINDOWS\SYSTEM32\dwmapi.dll
0x00007fffba420000 - 0x00007fffba458000 	C:\WINDOWS\SYSTEM32\dxcore.dll
0x00007fffba2e0000 - 0x00007fffba38b000 	C:\WINDOWS\system32\uxtheme.dll
0x00007fffb33c0000 - 0x00007fffb359b000 	C:\WINDOWS\System32\DriverStore\FileRepository\u0365656.inf_amd64_5926d42fa64b989d\B365142\aticfx64.dll
0x00007fff948f0000 - 0x00007fff94923000 	C:\WINDOWS\System32\DriverStore\FileRepository\u0365656.inf_amd64_5926d42fa64b989d\B365142\atiu9p64.dll
0x00007fff16d60000 - 0x00007fff17a72000 	C:\WINDOWS\System32\DriverStore\FileRepository\u0365656.inf_amd64_5926d42fa64b989d\B365142\atiumd64.dll
0x00007fffbe9c0000 - 0x00007fffbeb5c000 	C:\WINDOWS\System32\ole32.dll
0x00000000548a0000 - 0x000000005575d000 	C:\WINDOWS\System32\DriverStore\FileRepository\u0365656.inf_amd64_5926d42fa64b989d\B365142\atiumd6a.dll
0x00007fffbcbe0000 - 0x00007fffbcc2d000 	C:\WINDOWS\SYSTEM32\POWRPROF.dll
0x00007fffbcbc0000 - 0x00007fffbcbd3000 	C:\WINDOWS\SYSTEM32\UMPDC.dll
0x00007fffb36d0000 - 0x00007fffb3700000 	C:\WINDOWS\SYSTEM32\amdihk64.dll
0x00007fffb68f0000 - 0x00007fffb6938000 	C:\WINDOWS\SYSTEM32\directxdatabasehelper.dll
0x00007fff940f0000 - 0x00007fff94132000 	C:\Users\chris\.openjfx\cache\18.0.1+2\glass.dll
0x00007fffbe8c0000 - 0x00007fffbe9b7000 	C:\WINDOWS\System32\COMDLG32.dll
0x00007fffbeca0000 - 0x00007fffbedc7000 	C:\WINDOWS\System32\MSCTF.dll
0x00007fff9feb0000 - 0x00007fff9fec4000 	C:\Users\chris\.openjfx\cache\18.0.1+2\javafx_font.dll
0x00007fffb8990000 - 0x00007fffb8bf7000 	C:\WINDOWS\SYSTEM32\dwrite.dll
0x00007fffbde40000 - 0x00007fffbdef0000 	C:\WINDOWS\System32\clbcatq.dll
0x00007fffb83f0000 - 0x00007fffb85a0000 	C:\WINDOWS\SYSTEM32\WindowsCodecs.dll
0x00007fff8c040000 - 0x00007fff8c09e000 	C:\WINDOWS\system32\dataexchange.dll
0x00007fffb4150000 - 0x00007fffb43be000 	C:\WINDOWS\system32\twinapi.appcore.dll
0x00007fff91690000 - 0x00007fff916c2000 	C:\Program Files\Common Files\Microsoft Shared\Ink\rtscom.dll
0x00007fffa4e80000 - 0x00007fffa4fad000 	C:\WINDOWS\SYSTEM32\textinputframework.dll
0x00007fffb9d40000 - 0x00007fffb9e73000 	C:\WINDOWS\SYSTEM32\CoreMessaging.dll
0x00007fffb5ba0000 - 0x00007fffb5f0c000 	C:\WINDOWS\SYSTEM32\CoreUIComponents.dll
0x00007fffbc450000 - 0x00007fffbc45c000 	C:\WINDOWS\SYSTEM32\CRYPTBASE.DLL
0x00007fffb8c00000 - 0x00007fffb91c1000 	C:\WINDOWS\SYSTEM32\d2d1.dll
0x00007fffb91d0000 - 0x00007fffb9427000 	C:\WINDOWS\SYSTEM32\d3d11.dll
0x00007fffba460000 - 0x00007fffba556000 	C:\WINDOWS\SYSTEM32\dxgi.dll
0x00007fffb4ca0000 - 0x00007fffb53b1000 	C:\WINDOWS\SYSTEM32\D3D10Warp.dll
0x00007fffbb8b0000 - 0x00007fffbb9a3000 	C:\WINDOWS\SYSTEM32\DNSAPI.dll
0x00007fffbb880000 - 0x00007fffbb8ad000 	C:\WINDOWS\SYSTEM32\IPHLPAPI.DLL
0x00007fffbf8b0000 - 0x00007fffbf8b9000 	C:\WINDOWS\System32\NSI.dll

dbghelp: loaded successfully - version: 4.0.5 - missing functions: none
symbol engine: initialized successfully - sym options: 0x614 - pdb path: .;C:\Users\chris\.jdks\temurin-18.0.2.1\bin;C:\WINDOWS\SYSTEM32;C:\WINDOWS\WinSxS\amd64_microsoft.windows.common-controls_6595b64144ccf1df_6.0.22621.1635_none_270f70857386168e;C:\Users\chris\.jdks\temurin-18.0.2.1\bin\server;C:\Program Files\JetBrains\IntelliJ IDEA Community Edition 2022.2.4\bin;C:\Users\chris\.openjfx\cache\18.0.1+2;C:\WINDOWS\System32\DriverStore\FileRepository\u0365656.inf_amd64_5926d42fa64b989d\B365142;C:\Program Files\Common Files\Microsoft Shared\Ink

VM Arguments:
jvm_args: -javaagent:C:\Program Files\JetBrains\IntelliJ IDEA Community Edition 2022.2.4\lib\idea_rt.jar=52116:C:\Program Files\JetBrains\IntelliJ IDEA Community Edition 2022.2.4\bin -Dfile.encoding=UTF-8 -Dsun.stdout.encoding=UTF-8 -Dsun.stderr.encoding=UTF-8 --module-path=C:\Users\chris\.m2\repository\org\openjfx\javafx-base\18.0.1\javafx-base-18.0.1-win.jar;C:\Users\chris\.m2\repository\org\openjfx\javafx-fxml\18.0.1\javafx-fxml-18.0.1-win.jar;C:\ESPACE PERSO\Londres\JAVAFX_TEST\NetChill\target\classes;C:\Users\chris\.m2\repository\org\openjfx\javafx-controls\18.0.1\javafx-controls-18.0.1-win.jar;C:\ESPACE PERSO\Londres\JAVAFX_TEST\mysql-connector-j-8.0.32\mysql-connector-j-8.0.32.jar;C:\Users\chris\.m2\repository\org\openjfx\javafx-graphics\18.0.1\javafx-graphics-18.0.1-win.jar -Djdk.module.main=com.example.netchill 
java_command: com.example.netchill/com.example.netchill.HelloApplication
java_class_path (initial): C:\Users\chris\.m2\repository\org\openjfx\javafx-controls\18.0.1\javafx-controls-18.0.1.jar;C:\Users\chris\.m2\repository\org\openjfx\javafx-graphics\18.0.1\javafx-graphics-18.0.1.jar;C:\Users\chris\.m2\repository\org\openjfx\javafx-base\18.0.1\javafx-base-18.0.1.jar;C:\Users\chris\.m2\repository\org\openjfx\javafx-fxml\18.0.1\javafx-fxml-18.0.1.jar
Launcher Type: SUN_STANDARD

[Global flags]
     intx CICompilerCount                          = 4                                         {product} {ergonomic}
     uint ConcGCThreads                            = 2                                         {product} {ergonomic}
     uint G1ConcRefinementThreads                  = 8                                         {product} {ergonomic}
   size_t G1HeapRegionSize                         = 1048576                                   {product} {ergonomic}
    uintx GCDrainStackTargetSize                   = 64                                        {product} {ergonomic}
   size_t InitialHeapSize                          = 100663296                                 {product} {ergonomic}
   size_t MarkStackSize                            = 4194304                                   {product} {ergonomic}
   size_t MaxHeapSize                              = 1598029824                                {product} {ergonomic}
   size_t MaxNewSize                               = 958398464                                 {product} {ergonomic}
   size_t MinHeapDeltaBytes                        = 1048576                                   {product} {ergonomic}
   size_t MinHeapSize                              = 8388608                                   {product} {ergonomic}
    uintx NonNMethodCodeHeapSize                   = 5839372                                {pd product} {ergonomic}
    uintx NonProfiledCodeHeapSize                  = 122909434                              {pd product} {ergonomic}
    uintx ProfiledCodeHeapSize                     = 122909434                              {pd product} {ergonomic}
    uintx ReservedCodeCacheSize                    = 251658240                              {pd product} {ergonomic}
     bool SegmentedCodeCache                       = true                                      {product} {ergonomic}
   size_t SoftMaxHeapSize                          = 1598029824                             {manageable} {ergonomic}
     bool UseCompressedClassPointers               = true                           {product lp64_product} {ergonomic}
     bool UseCompressedOops                        = true                           {product lp64_product} {ergonomic}
     bool UseG1GC                                  = true                                      {product} {ergonomic}
     bool UseLargePagesIndividualAllocation        = false                                  {pd product} {ergonomic}

Logging:
Log output configuration:
 #0: stdout all=warning uptime,level,tags foldmultilines=false
 #1: stderr all=off uptime,level,tags foldmultilines=false

Environment Variables:
PATH=C:\Python\Scripts\;C:\Python\;C:\opencv_vs2019\opencv\build\x64\vc15\bin;C:\WINDOWS\system32;C:\WINDOWS;C:\WINDOWS\System32\Wbem;C:\WINDOWS\System32\WindowsPowerShell\v1.0\;C:\WINDOWS\System32\OpenSSH\;C:\Program Files\Git\cmd;C:\Program Files\MATLAB\R2023a\bin;C:\Users\chris\AppData\Local\Microsoft\WindowsApps;C:\Users\chris\Desktop\modelsim_ase\win32aloem;C:\Users\chris\AppData\Local\atom\bin;C:\Users\chris\AppData\Local\Programs\Microsoft VS Code\bin;C:\Users\chris\AppData\Local\GitHubDesktop\bin;C:\Program Files\JetBrains\IntelliJ IDEA Community Edition 2022.2.2\bin;;C:\Users\chris\AppData\Local\Microsoft\WindowsApps;
USERNAME=chris
OS=Windows_NT
PROCESSOR_IDENTIFIER=AMD64 Family 23 Model 24 Stepping 1, AuthenticAMD



---------------  S Y S T E M  ---------------

OS:
 Windows 11 , 64 bit Build 22621 (10.0.22621.1778)
OS uptime: 7 days 18:16 hours

CPU: total 8 (initial active 8) (8 cores per cpu, 2 threads per core) family 23 model 24 stepping 1 microcode 0x0, cx8, cmov, fxsr, ht, mmx, 3dnowpref, sse, sse2, sse3, ssse3, sse4a, sse4.1, sse4.2, popcnt, lzcnt, tsc, tscinvbit, avx, avx2, aes, clmul, bmi1, bmi2, adx, sha, fma, vzeroupper, clflush, clflushopt

Memory: 4k page, system-wide physical 6091M (499M free)
TotalPageFile size 24523M (AvailPageFile size 5M)
current process WorkingSet (physical memory assigned to process): 157M, peak: 157M
current process commit charge ("private bytes"): 283M, peak: 298M

vm_info: OpenJDK 64-Bit Server VM (18.0.2.1+1) for windows-amd64 JRE (18.0.2.1+1), built on Aug 25 2022 17:20:57 by "" with MS VC++ 16.7 (VS2019)

END.
